Arguments: 
  /home/felipe/.nvm/versions/node/v14.18.3/bin/node /home/felipe/.nvm/versions/node/v14.18.3/bin/yarn start

PATH: 
  /home/felipe/.vscode-server/bin/57fd6d0195bb9b9d1b49f6da5db789060795de47/bin/remote-cli:/home/felipe/.local/share/zinit/polaris/bin:/home/felipe/.cargo/bin:/home/felipe/.nvm/versions/node/v14.18.3/bin:/usr/local/sbin:/usr/local/bin:/usr/sbin:/usr/bin:/sbin:/bin:/usr/games:/usr/local/games:/usr/lib/wsl/lib:/mnt/c/Program Files/Common Files/Oracle/Java/javapath:/mnt/c/Program Files (x86)/Common Files/Oracle/Java/javapath:/mnt/c/WINDOWS/system32:/mnt/c/WINDOWS:/mnt/c/WINDOWS/System32/Wbem:/mnt/c/WINDOWS/System32/WindowsPowerShell/v1.0/:/mnt/c/WINDOWS/System32/OpenSSH/:/mnt/c/Program Files/NVIDIA Corporation/NVIDIA NvDLISR:/mnt/c/Program Files (x86)/NVIDIA Corporation/PhysX/Common:/mnt/c/Program Files/dotnet/:/mnt/c/WINDOWS/system32:/mnt/c/WINDOWS:/mnt/c/WINDOWS/System32/Wbem:/mnt/c/WINDOWS/System32/WindowsPowerShell/v1.0/:/mnt/c/WINDOWS/System32/OpenSSH/:/mnt/c/Program Files (x86)/Microsoft SQL Server/150/DTS/Binn/:/mnt/c/Program Files/Azure Data Studio/bin:/mnt/c/Program Files (x86)/ZeroTier/One/:/mnt/c/ProgramData/chocolatey/bin:/mnt/c/Users/mmtec/WORKSPACE/cmder/bin/nodejs/node-v14.19.0-win-x64/:/mnt/c/Users/mmtec/AppData/Local/Microsoft/WindowsApps:/mnt/c/Users/mmtec/AppData/Local/Programs/Microsoft VS Code/bin:/mnt/c/Users/mmtec/WORKSPACE/cmder/bin/php/php-7.4.7-Win32-vc15-x64/php.exe:/mnt/c/Program Files/VideoLAN/VLC:/mnt/c/Users/mmtec/.dotnet/tools

Yarn version: 
  1.22.17

Node version: 
  14.18.3

Platform: 
  linux x64

Trace: 
  SyntaxError: /home/felipe/workspace/INTERVIEWS/strapi/package.json: Unexpected string in JSON at position 141
      at JSON.parse (<anonymous>)
      at /home/felipe/.nvm/versions/node/v14.18.3/lib/node_modules/yarn/lib/cli.js:1625:59
      at Generator.next (<anonymous>)
      at step (/home/felipe/.nvm/versions/node/v14.18.3/lib/node_modules/yarn/lib/cli.js:310:30)
      at /home/felipe/.nvm/versions/node/v14.18.3/lib/node_modules/yarn/lib/cli.js:321:13

npm manifest: 
  {
    "name": "strapi",
    "version": "1.0.0",
    "description": "",
    "main": "index.js",
    "scripts": {
      "start" : "nodemon src/app.js"
      "test": "echo \"Error: no test specified\" && exit 1"
    },
    "keywords": [],
    "author": "Felipe Marques <contato@felipemarques.com.br>",
    "license": "ISC",
    "dependencies": {
      "knex": "^2.0.0",
      "koa": "^2.13.4",
      "pg": "^8.7.3"
    },
    "devDependencies": {
      "jest": "^28.1.0"
    }
  }

yarn manifest: 
  No manifest

Lockfile: 
  No lockfile
